
	___Log continued at 2022-03-13 01:40:57.403498___
	___Log continued at 2022-03-13 01:44:21.603505___2022-03-13 01:44:46.055526: TheLuckyCoke#1616 called !stats on ()
2022-03-13 01:45:07.354871: TheLuckyCoke#1616 called !stats on ()
2022-03-13 01:45:44.424652: TheLuckyCoke#1616 called !stats on ()

	___Log continued at 2022-03-13 01:47:23.486276___
	___Log continued at 2022-03-13 01:48:27.075020___2022-03-13 18:11:05.936158: TheLuckyCoke#1616 called !stat with stat msg on (<Member id=292286970397196289 name='MeLlamanCalle' discriminator='9336' bot=False nick=None guild=<Guild id=668194960637558784 name='alko-gaming' shard_id=None chunked=True member_count=66>>,)
2022-03-13 18:15:46.779783: MeLlamanCalle#9336 called !stat with stat MeLlamanCalle on ()
2022-03-13 18:16:00.952151: MeLlamanCalle#9336 called !stat with stat bruh on (<Member id=292286970397196289 name='MeLlamanCalle' discriminator='9336' bot=False nick=None guild=<Guild id=668194960637558784 name='alko-gaming' shard_id=None chunked=True member_count=66>>,)
2022-03-13 18:16:07.499673: MeLlamanCalle#9336 called !stats on ()
2022-03-13 18:16:27.577264: MeLlamanCalle#9336 called !stats on ()
2022-03-13 18:16:29.029481: MeLlamanCalle#9336 called !stats on ()
2022-03-13 18:16:32.178178: MeLlamanCalle#9336 called !stats on ()
2022-03-13 18:16:37.502916: MeLlamanCalle#9336 called !stats on ()
2022-03-13 18:18:34.141834: MeLlamanCalle#9336 called !leaderboard
2022-03-13 18:20:33.592826: MeLlamanCalle#9336 called !stat with stat ogge on ()
2022-03-13 18:21:24.121213: MeLlamanCalle#9336 called !stat with stat JeffreyEpstein on ()
2022-03-13 18:21:35.388658: MeLlamanCalle#9336 called !stat with stat msg on (<Member id=909533326199623781 name='JeffreyEpstein' discriminator='2012' bot=True nick=None guild=<Guild id=668194960637558784 name='alko-gaming' shard_id=None chunked=True member_count=65>>,)
2022-03-13 18:21:43.882835: MeLlamanCalle#9336 called !stat with stat time on (<Member id=909533326199623781 name='JeffreyEpstein' discriminator='2012' bot=True nick=None guild=<Guild id=668194960637558784 name='alko-gaming' shard_id=None chunked=True member_count=65>>,)

	___Log continued at 2022-03-13 18:27:40.568078___
	___Log continued at 2022-03-13 18:29:27.486913___
	___Log continued at 2022-03-13 18:34:31.294448___2022-03-13 19:17:40.231545: TheLuckyCoke#1616 called !stats on ()

	___Log continued at 2022-03-13 19:18:35.161462___
	___Log continued at 2022-03-13 19:21:00.198216___
	___Log continued at 2022-03-13 19:29:32.307672___
	___Log continued at 2022-03-13 19:30:14.256441___
	___Log continued at 2022-03-13 19:31:44.795796___
	___Log continued at 2022-03-13 22:10:28.825687___2022-03-14 19:39:57.524388: MeLlamanCalle#9336 called !stats on ()
